  [1m[35m (87.0ms)[0m  [1m[35mCREATE TABLE "schema_migrations" ("version" character varying NOT NULL PRIMARY KEY)[0m
  ↳ bin/rails:9
  [1m[35m (83.4ms)[0m  [1m[35mCREATE TABLE "ar_internal_metadata" ("key" character varying NOT NULL PRIMARY KEY, "value" character varying, "created_at" timestamp NOT NULL, "updated_at" timestamp NOT NULL)[0m
  ↳ bin/rails:9
  [1m[35m (78.6ms)[0m  [1m[34mSELECT pg_try_advisory_lock(2886191983238130315)[0m
  ↳ bin/rails:9
  [1m[35m (79.5ms)[0m  [1m[34mSELECT "schema_migrations"."version" FROM "schema_migrations" ORDER BY "schema_migrations"."version" ASC[0m
  ↳ bin/rails:9
Migrating to DeviseCreateUsers (20190826060130)
  [1m[35m (75.7ms)[0m  [1m[35mBEGIN[0m
  ↳ bin/rails:9
  [1m[35m (87.7ms)[0m  [1m[35mCREATE TABLE "users" ("id" bigserial primary key, "email" character varying DEFAULT '' NOT NULL, "encrypted_password" character varying DEFAULT '' NOT NULL, "reset_password_token" character varying, "reset_password_sent_at" timestamp, "remember_created_at" timestamp, "created_at" timestamp NOT NULL, "updated_at" timestamp NOT NULL)[0m
  ↳ db/migrate/20190826060130_devise_create_users.rb:5
  [1m[35m (77.6ms)[0m  [1m[35mCREATE UNIQUE INDEX  "index_users_on_email" ON "users"  ("email")[0m
  ↳ db/migrate/20190826060130_devise_create_users.rb:39
  [1m[35m (79.1ms)[0m  [1m[35mCREATE UNIQUE INDEX  "index_users_on_reset_password_token" ON "users"  ("reset_password_token")[0m
  ↳ db/migrate/20190826060130_devise_create_users.rb:40
  [1m[36mActiveRecord::SchemaMigration Create (79.1ms)[0m  [1m[32mINSERT INTO "schema_migrations" ("version") VALUES ($1) RETURNING "version"[0m  [["version", "20190826060130"]]
  ↳ bin/rails:9
  [1m[35m (76.8ms)[0m  [1m[35mCOMMIT[0m
  ↳ bin/rails:9
  [1m[36mActiveRecord::InternalMetadata Load (77.6ms)[0m  [1m[34mSELECT  "ar_internal_metadata".* FROM "ar_internal_metadata" WHERE "ar_internal_metadata"."key" = $1 LIMIT $2[0m  [["key", "environment"], ["LIMIT", 1]]
  ↳ bin/rails:9
  [1m[35m (77.1ms)[0m  [1m[35mBEGIN[0m
  ↳ bin/rails:9
  [1m[36mActiveRecord::InternalMetadata Create (75.9ms)[0m  [1m[32mINSERT INTO "ar_internal_metadata" ("key", "value", "created_at", "updated_at") VALUES ($1, $2, $3, $4) RETURNING "key"[0m  [["key", "environment"], ["value", "development"], ["created_at", "2019-08-26 06:15:46.539986"], ["updated_at", "2019-08-26 06:15:46.539986"]]
  ↳ bin/rails:9
  [1m[35m (76.2ms)[0m  [1m[35mCOMMIT[0m
  ↳ bin/rails:9
  [1m[35m (77.0ms)[0m  [1m[34mSELECT pg_advisory_unlock(2886191983238130315)[0m
  ↳ bin/rails:9
  [1m[35m (76.7ms)[0m  [1m[34mSELECT "schema_migrations"."version" FROM "schema_migrations" ORDER BY "schema_migrations"."version" ASC[0m
  ↳ bin/rails:9
Started GET "/" for ::1 at 2019-08-26 00:23:10 -0600
  [1m[35m (76.9ms)[0m  [1m[34mSELECT "schema_migrations"."version" FROM "schema_migrations" ORDER BY "schema_migrations"."version" ASC[0m
  ↳ /Users/jroque/.rvm/gems/ruby-2.5.3/gems/activerecord-5.2.3/lib/active_record/log_subscriber.rb:98
Processing by WelcomeController#index as HTML
Completed 500 Internal Server Error in 16ms (ActiveRecord: 0.0ms)


  
ActionView::MissingTemplate (Missing template welcome/Testing mofo, application/Testing mofo with {:locale=>[:en], :formats=>[:html], :variants=>[], :handlers=>[:raw, :erb, :html, :builder, :ruby, :coffee, :jbuilder]}. Searched in:
  * "/Users/jroque/Sites/ruby_trainings/Trainings/app/views"
  * "/Users/jroque/.rvm/gems/ruby-2.5.3/gems/devise-4.7.0/app/views"
):
  
app/controllers/welcome_controller.rb:4:in `index'
Started GET "/" for ::1 at 2019-08-26 00:25:09 -0600
Processing by WelcomeController#index as HTML
  Rendering welcome/index.html.erb within layouts/application
  Rendered welcome/index.html.erb within layouts/application (0.4ms)
Completed 200 OK in 812ms (Views: 807.8ms | ActiveRecord: 0.0ms)


Started GET "/users/sign_up" for ::1 at 2019-08-26 00:27:07 -0600
Processing by Devise::RegistrationsController#new as HTML
  Rendering /Users/jroque/.rvm/gems/ruby-2.5.3/gems/devise-4.7.0/app/views/devise/registrations/new.html.erb within layouts/application
  Rendered /Users/jroque/.rvm/gems/ruby-2.5.3/gems/devise-4.7.0/app/views/devise/shared/_error_messages.html.erb (0.7ms)
  Rendered /Users/jroque/.rvm/gems/ruby-2.5.3/gems/devise-4.7.0/app/views/devise/shared/_links.html.erb (1.8ms)
  Rendered /Users/jroque/.rvm/gems/ruby-2.5.3/gems/devise-4.7.0/app/views/devise/registrations/new.html.erb within layouts/application (1496.3ms)
Completed 200 OK in 1921ms (Views: 1536.9ms | ActiveRecord: 332.6ms)


Started POST "/users" for ::1 at 2019-08-26 00:27:29 -0600
Processing by Devise::RegistrationsController#create as HTML
  Parameters: {"utf8"=>"✓", "authenticity_token"=>"S2kg58jARzlz6JfYz4e2w5gMD2FbN3/0hx79vv+LMBVaiEerisZE07rGpTdgLAtDFiuH2hlw54hJjJMiUrKkMw==", "user"=>{"email"=>"jarb95@gmail.com", "password"=>"[FILTERED]", "password_confirmation"=>"[FILTERED]"}, "commit"=>"Sign up"}
  [1m[35m (75.9ms)[0m  [1m[35mBEGIN[0m
  ↳ /Users/jroque/.rvm/gems/ruby-2.5.3/gems/activerecord-5.2.3/lib/active_record/log_subscriber.rb:98
  [1m[36mUser Exists (77.2ms)[0m  [1m[34mSELECT  1 AS one FROM "users" WHERE "users"."email" = $1 LIMIT $2[0m  [["email", "jarb95@gmail.com"], ["LIMIT", 1]]
  ↳ /Users/jroque/.rvm/gems/ruby-2.5.3/gems/activerecord-5.2.3/lib/active_record/log_subscriber.rb:98
  [1m[36mUser Create (77.8ms)[0m  [1m[32mINSERT INTO "users" ("email", "encrypted_password", "created_at", "updated_at") VALUES ($1, $2, $3, $4) RETURNING "id"[0m  [["email", "jarb95@gmail.com"], ["encrypted_password", "$2a$11$fHNigzEsI6AUF8/5iw.YH.sAsaVcrn4eZftIBga6sea0BX0jkxpRe"], ["created_at", "2019-08-26 06:27:29.437580"], ["updated_at", "2019-08-26 06:27:29.437580"]]
  ↳ /Users/jroque/.rvm/gems/ruby-2.5.3/gems/activerecord-5.2.3/lib/active_record/log_subscriber.rb:98
  [1m[35m (77.1ms)[0m  [1m[35mCOMMIT[0m
  ↳ /Users/jroque/.rvm/gems/ruby-2.5.3/gems/activerecord-5.2.3/lib/active_record/log_subscriber.rb:98
Redirected to http://localhost:3000/
Completed 302 Found in 459ms (ActiveRecord: 308.0ms)


Started GET "/" for ::1 at 2019-08-26 00:27:29 -0600
Processing by WelcomeController#index as HTML
  Rendering welcome/index.html.erb within layouts/application
  Rendered welcome/index.html.erb within layouts/application (0.8ms)
Completed 200 OK in 46ms (Views: 41.3ms | ActiveRecord: 0.0ms)


  [1m[36mUser Load (77.2ms)[0m  [1m[34mSELECT  "users".* FROM "users" LIMIT $1[0m  [["LIMIT", 11]]
  [1m[35m (76.0ms)[0m  [1m[34mSELECT pg_try_advisory_lock(2886191983238130315)[0m
  ↳ bin/rails:9
  [1m[35m (77.2ms)[0m  [1m[34mSELECT "schema_migrations"."version" FROM "schema_migrations" ORDER BY "schema_migrations"."version" ASC[0m
  ↳ bin/rails:9
Migrating to CreateCompanies (20190826065615)
  [1m[35m (75.1ms)[0m  [1m[35mBEGIN[0m
  ↳ bin/rails:9
  [1m[35m (100.2ms)[0m  [1m[35mCREATE TABLE "companies" ("id" bigserial primary key, "name" character varying, "slug" character varying, "telephone" character varying, "address" character varying, "logo_url" character varying, "website_url" character varying, "created_at" timestamp NOT NULL, "updated_at" timestamp NOT NULL)[0m
  ↳ db/migrate/20190826065615_create_companies.rb:3
  [1m[36mActiveRecord::SchemaMigration Create (77.1ms)[0m  [1m[32mINSERT INTO "schema_migrations" ("version") VALUES ($1) RETURNING "version"[0m  [["version", "20190826065615"]]
  ↳ bin/rails:9
  [1m[35m (77.8ms)[0m  [1m[35mCOMMIT[0m
  ↳ bin/rails:9
Migrating to AddCompanyReferenceToUser (20190826070040)
  [1m[35m (75.6ms)[0m  [1m[35mBEGIN[0m
  ↳ bin/rails:9
  [1m[35m (76.8ms)[0m  [1m[35mALTER TABLE "users" ADD "company_id" bigint[0m
  ↳ db/migrate/20190826070040_add_company_reference_to_user.rb:3
  [1m[35m (80.3ms)[0m  [1m[35mCREATE  INDEX  "index_users_on_company_id" ON "users"  ("company_id")[0m
  ↳ db/migrate/20190826070040_add_company_reference_to_user.rb:3
  [1m[35m (79.0ms)[0m  [1m[35mALTER TABLE "users" ADD CONSTRAINT "fk_rails_7682a3bdfe"
FOREIGN KEY ("company_id")
  REFERENCES "companies" ("id")
[0m
  ↳ db/migrate/20190826070040_add_company_reference_to_user.rb:3
  [1m[36mActiveRecord::SchemaMigration Create (76.5ms)[0m  [1m[32mINSERT INTO "schema_migrations" ("version") VALUES ($1) RETURNING "version"[0m  [["version", "20190826070040"]]
  ↳ bin/rails:9
  [1m[35m (77.6ms)[0m  [1m[35mCOMMIT[0m
  ↳ bin/rails:9
  [1m[36mActiveRecord::InternalMetadata Load (75.8ms)[0m  [1m[34mSELECT  "ar_internal_metadata".* FROM "ar_internal_metadata" WHERE "ar_internal_metadata"."key" = $1 LIMIT $2[0m  [["key", "environment"], ["LIMIT", 1]]
  ↳ bin/rails:9
  [1m[35m (81.7ms)[0m  [1m[35mBEGIN[0m
  ↳ bin/rails:9
  [1m[35m (76.7ms)[0m  [1m[35mCOMMIT[0m
  ↳ bin/rails:9
  [1m[35m (81.5ms)[0m  [1m[34mSELECT pg_advisory_unlock(2886191983238130315)[0m
  ↳ bin/rails:9
  [1m[35m (76.5ms)[0m  [1m[34mSELECT "schema_migrations"."version" FROM "schema_migrations" ORDER BY "schema_migrations"."version" ASC[0m
  ↳ bin/rails:9
  [1m[36mUser Load (78.1ms)[0m  [1m[34mSELECT  "users".* FROM "users" ORDER BY "users"."id" ASC LIMIT $1[0m  [["LIMIT", 1]]
  [1m[36mUser Load (78.5ms)[0m  [1m[34mSELECT  "users".* FROM "users" ORDER BY "users"."id" ASC LIMIT $1[0m  [["LIMIT", 1]]
  [1m[36mUser Load (75.9ms)[0m  [1m[34mSELECT  "users".* FROM "users" ORDER BY "users"."id" ASC LIMIT $1[0m  [["LIMIT", 1]]
  [1m[36mUser Load (76.0ms)[0m  [1m[34mSELECT  "users".* FROM "users" ORDER BY "users"."id" ASC LIMIT $1[0m  [["LIMIT", 1]]
  [1m[36mUser Load (76.1ms)[0m  [1m[34mSELECT  "users".* FROM "users" ORDER BY "users"."id" ASC LIMIT $1[0m  [["LIMIT", 1]]
  [1m[35m (76.0ms)[0m  [1m[35mBEGIN[0m
  [1m[36mCompany Create (76.7ms)[0m  [1m[32mINSERT INTO "companies" ("name", "created_at", "updated_at") VALUES ($1, $2, $3) RETURNING "id"[0m  [["name", "partnerhero"], ["created_at", "2019-08-26 07:05:18.398864"], ["updated_at", "2019-08-26 07:05:18.398864"]]
  [1m[35m (75.5ms)[0m  [1m[35mCOMMIT[0m
  [1m[36mUser Load (76.3ms)[0m  [1m[34mSELECT  "users".* FROM "users" ORDER BY "users"."id" ASC LIMIT $1[0m  [["LIMIT", 1]]
  [1m[35m (75.8ms)[0m  [1m[35mBEGIN[0m
  [1m[35m (76.2ms)[0m  [1m[31mROLLBACK[0m
  [1m[36mUser Load (75.3ms)[0m  [1m[34mSELECT  "users".* FROM "users" ORDER BY "users"."id" ASC LIMIT $1[0m  [["LIMIT", 1]]
  [1m[36mUser Load (77.6ms)[0m  [1m[34mSELECT  "users".* FROM "users" ORDER BY "users"."id" ASC LIMIT $1[0m  [["LIMIT", 1]]
  [1m[36mCompany Load (77.4ms)[0m  [1m[34mSELECT  "companies".* FROM "companies" ORDER BY "companies"."id" ASC LIMIT $1[0m  [["LIMIT", 1]]
  [1m[35m (73.9ms)[0m  [1m[35mBEGIN[0m
  [1m[36mUser Update (75.8ms)[0m  [1m[33mUPDATE "users" SET "company_id" = $1, "updated_at" = $2 WHERE "users"."id" = $3[0m  [["company_id", 1], ["updated_at", "2019-08-26 07:08:35.837404"], ["id", 1]]
  [1m[35m (75.7ms)[0m  [1m[35mCOMMIT[0m
  [1m[36mUser Load (76.7ms)[0m  [1m[34mSELECT  "users".* FROM "users" ORDER BY "users"."id" ASC LIMIT $1[0m  [["LIMIT", 1]]
  [1m[36mCompany Load (75.2ms)[0m  [1m[34mSELECT  "companies".* FROM "companies" LIMIT $1[0m  [["LIMIT", 11]]
  [1m[36mCompany Load (75.8ms)[0m  [1m[34mSELECT  "companies".* FROM "companies" ORDER BY "companies"."id" ASC LIMIT $1[0m  [["LIMIT", 1]]
  [1m[36mUser Load (77.1ms)[0m  [1m[34mSELECT  "users".* FROM "users" ORDER BY "users"."id" ASC LIMIT $1[0m  [["LIMIT", 1]]
  [1m[36mUser Load (75.5ms)[0m  [1m[34mSELECT  "users".* FROM "users" ORDER BY "users"."id" ASC LIMIT $1[0m  [["LIMIT", 1]]
  [1m[36mCompany Load (75.2ms)[0m  [1m[34mSELECT  "companies".* FROM "companies" WHERE "companies"."id" = $1 LIMIT $2[0m  [["id", 1], ["LIMIT", 1]]
Started GET "/users/sign_up" for ::1 at 2019-08-26 01:10:08 -0600
  [1m[35m (77.4ms)[0m  [1m[34mSELECT "schema_migrations"."version" FROM "schema_migrations" ORDER BY "schema_migrations"."version" ASC[0m
  ↳ /Users/jroque/.rvm/gems/ruby-2.5.3/gems/activerecord-5.2.3/lib/active_record/log_subscriber.rb:98
Processing by Devise::RegistrationsController#new as HTML
  [1m[36mUser Load (77.3ms)[0m  [1m[34mSELECT  "users".* FROM "users" WHERE "users"."id" = $1 ORDER BY "users"."id" ASC LIMIT $2[0m  [["id", 1], ["LIMIT", 1]]
  ↳ /Users/jroque/.rvm/gems/ruby-2.5.3/gems/activerecord-5.2.3/lib/active_record/log_subscriber.rb:98
Redirected to http://localhost:3000/
Filter chain halted as :require_no_authentication rendered or redirected
Completed 302 Found in 582ms (ActiveRecord: 473.7ms)


Started GET "/" for ::1 at 2019-08-26 01:10:10 -0600
Processing by WelcomeController#index as HTML
  Rendering welcome/index.html.erb within layouts/application
  Rendered welcome/index.html.erb within layouts/application (1.3ms)
Completed 200 OK in 60ms (Views: 55.0ms | ActiveRecord: 0.0ms)


Started GET "/users/sign_up" for ::1 at 2019-08-26 01:10:33 -0600
  [1m[35m (77.1ms)[0m  [1m[34mSELECT "schema_migrations"."version" FROM "schema_migrations" ORDER BY "schema_migrations"."version" ASC[0m
  ↳ /Users/jroque/.rvm/gems/ruby-2.5.3/gems/activerecord-5.2.3/lib/active_record/log_subscriber.rb:98
Processing by Devise::RegistrationsController#new as HTML
  [1m[36mUser Load (77.3ms)[0m  [1m[34mSELECT  "users".* FROM "users" WHERE "users"."id" = $1 ORDER BY "users"."id" ASC LIMIT $2[0m  [["id", 1], ["LIMIT", 1]]
  ↳ /Users/jroque/.rvm/gems/ruby-2.5.3/gems/activerecord-5.2.3/lib/active_record/log_subscriber.rb:98
Redirected to http://localhost:3000/
Filter chain halted as :require_no_authentication rendered or redirected
Completed 302 Found in 660ms (ActiveRecord: 389.6ms)


Started GET "/" for ::1 at 2019-08-26 01:10:36 -0600
Processing by WelcomeController#index as HTML
  Rendering welcome/index.html.erb within layouts/application
  Rendered welcome/index.html.erb within layouts/application (1.2ms)
Completed 200 OK in 229ms (Views: 226.2ms | ActiveRecord: 0.0ms)


Started GET "/users/sign_up" for ::1 at 2019-08-26 01:11:31 -0600
Processing by Devise::RegistrationsController#new as HTML
  [1m[36mUser Load (76.7ms)[0m  [1m[34mSELECT  "users".* FROM "users" WHERE "users"."id" = $1 ORDER BY "users"."id" ASC LIMIT $2[0m  [["id", 1], ["LIMIT", 1]]
  ↳ /Users/jroque/.rvm/gems/ruby-2.5.3/gems/activerecord-5.2.3/lib/active_record/log_subscriber.rb:98
Redirected to http://localhost:3000/
Filter chain halted as :require_no_authentication rendered or redirected
Completed 302 Found in 81ms (ActiveRecord: 76.7ms)


Started GET "/" for ::1 at 2019-08-26 01:11:31 -0600
Processing by WelcomeController#index as HTML
  Rendering welcome/index.html.erb within layouts/application
  Rendered welcome/index.html.erb within layouts/application (0.7ms)
Completed 200 OK in 39ms (Views: 32.6ms | ActiveRecord: 0.0ms)


Started GET "/users/sign_out" for ::1 at 2019-08-26 01:12:18 -0600
  
ActionController::RoutingError (No route matches [GET] "/users/sign_out"):
  
actionpack (5.2.3) lib/action_dispatch/middleware/debug_exceptions.rb:65:in `call'
web-console (3.7.0) lib/web_console/middleware.rb:135:in `call_app'
web-console (3.7.0) lib/web_console/middleware.rb:30:in `block in call'
web-console (3.7.0) lib/web_console/middleware.rb:20:in `catch'
web-console (3.7.0) lib/web_console/middleware.rb:20:in `call'
actionpack (5.2.3) lib/action_dispatch/middleware/show_exceptions.rb:33:in `call'
railties (5.2.3) lib/rails/rack/logger.rb:38:in `call_app'
railties (5.2.3) lib/rails/rack/logger.rb:26:in `block in call'
activesupport (5.2.3) lib/active_support/tagged_logging.rb:71:in `block in tagged'
activesupport (5.2.3) lib/active_support/tagged_logging.rb:28:in `tagged'
activesupport (5.2.3) lib/active_support/tagged_logging.rb:71:in `tagged'
railties (5.2.3) lib/rails/rack/logger.rb:26:in `call'
sprockets-rails (3.2.1) lib/sprockets/rails/quiet_assets.rb:13:in `call'
actionpack (5.2.3) lib/action_dispatch/middleware/remote_ip.rb:81:in `call'
actionpack (5.2.3) lib/action_dispatch/middleware/request_id.rb:27:in `call'
rack (2.0.7) lib/rack/method_override.rb:22:in `call'
rack (2.0.7) lib/rack/runtime.rb:22:in `call'
activesupport (5.2.3) lib/active_support/cache/strategy/local_cache_middleware.rb:29:in `call'
actionpack (5.2.3) lib/action_dispatch/middleware/executor.rb:14:in `call'
actionpack (5.2.3) lib/action_dispatch/middleware/static.rb:127:in `call'
rack (2.0.7) lib/rack/sendfile.rb:111:in `call'
railties (5.2.3) lib/rails/engine.rb:524:in `call'
puma (3.12.1) lib/puma/configuration.rb:227:in `call'
puma (3.12.1) lib/puma/server.rb:660:in `handle_request'
puma (3.12.1) lib/puma/server.rb:474:in `process_client'
puma (3.12.1) lib/puma/server.rb:334:in `block in run'
puma (3.12.1) lib/puma/thread_pool.rb:135:in `block in spawn_thread'
Started DELETE "/users/sign_out" for ::1 at 2019-08-26 01:13:26 -0600
Processing by Devise::SessionsController#destroy as */*
Filter chain halted as :verify_signed_out_user rendered or redirected
Completed 204 No Content in 6ms (ActiveRecord: 0.0ms)


Started GET "/users/sign_up" for ::1 at 2019-08-26 01:13:39 -0600
Processing by Devise::RegistrationsController#new as HTML
  [1m[36mUser Load (77.5ms)[0m  [1m[34mSELECT  "users".* FROM "users" WHERE "users"."id" = $1 ORDER BY "users"."id" ASC LIMIT $2[0m  [["id", 1], ["LIMIT", 1]]
  ↳ /Users/jroque/.rvm/gems/ruby-2.5.3/gems/activerecord-5.2.3/lib/active_record/log_subscriber.rb:98
Redirected to http://localhost:3000/
Filter chain halted as :require_no_authentication rendered or redirected
Completed 302 Found in 111ms (ActiveRecord: 77.5ms)


Started GET "/" for ::1 at 2019-08-26 01:13:40 -0600
Processing by WelcomeController#index as HTML
  Rendering welcome/index.html.erb within layouts/application
  Rendered welcome/index.html.erb within layouts/application (1.4ms)
Completed 200 OK in 46ms (Views: 40.8ms | ActiveRecord: 0.0ms)


Started GET "/" for ::1 at 2019-08-26 01:14:18 -0600
Processing by WelcomeController#index as HTML
  Rendering welcome/index.html.erb within layouts/application
  Rendered welcome/index.html.erb within layouts/application (3.3ms)
Completed 200 OK in 56ms (Views: 47.1ms | ActiveRecord: 0.0ms)


Started GET "/users/sign_up" for ::1 at 2019-08-26 01:14:23 -0600
Processing by Devise::RegistrationsController#new as HTML
  Rendering /Users/jroque/.rvm/gems/ruby-2.5.3/gems/devise-4.7.0/app/views/devise/registrations/new.html.erb within layouts/application
  Rendered /Users/jroque/.rvm/gems/ruby-2.5.3/gems/devise-4.7.0/app/views/devise/shared/_error_messages.html.erb (0.8ms)
  Rendered /Users/jroque/.rvm/gems/ruby-2.5.3/gems/devise-4.7.0/app/views/devise/shared/_links.html.erb (2.4ms)
  Rendered /Users/jroque/.rvm/gems/ruby-2.5.3/gems/devise-4.7.0/app/views/devise/registrations/new.html.erb within layouts/application (65.1ms)
Completed 200 OK in 121ms (Views: 115.4ms | ActiveRecord: 0.0ms)


Started POST "/users" for ::1 at 2019-08-26 01:14:42 -0600
Processing by Devise::RegistrationsController#create as HTML
  Parameters: {"utf8"=>"✓", "authenticity_token"=>"g2EuVRPJDXaJvPr5o1t4eW9QDJNIIutL9xAgrO7YZS3xAubkV+l5RYHfxuzzC0KkAAuA1yhrGqtJImwn22mslA==", "user"=>{"email"=>"josuedr11@gmail.com", "password"=>"[FILTERED]", "password_confirmation"=>"[FILTERED]"}, "commit"=>"Sign up"}
  [1m[35m (75.6ms)[0m  [1m[35mBEGIN[0m
  ↳ /Users/jroque/.rvm/gems/ruby-2.5.3/gems/activerecord-5.2.3/lib/active_record/log_subscriber.rb:98
  [1m[36mUser Exists (76.6ms)[0m  [1m[34mSELECT  1 AS one FROM "users" WHERE "users"."email" = $1 LIMIT $2[0m  [["email", "josuedr11@gmail.com"], ["LIMIT", 1]]
  ↳ /Users/jroque/.rvm/gems/ruby-2.5.3/gems/activerecord-5.2.3/lib/active_record/log_subscriber.rb:98
  [1m[35m (74.9ms)[0m  [1m[31mROLLBACK[0m
  ↳ /Users/jroque/.rvm/gems/ruby-2.5.3/gems/activerecord-5.2.3/lib/active_record/log_subscriber.rb:98
  Rendering /Users/jroque/.rvm/gems/ruby-2.5.3/gems/devise-4.7.0/app/views/devise/registrations/new.html.erb within layouts/application
  Rendered /Users/jroque/.rvm/gems/ruby-2.5.3/gems/devise-4.7.0/app/views/devise/shared/_error_messages.html.erb (2.7ms)
  Rendered /Users/jroque/.rvm/gems/ruby-2.5.3/gems/devise-4.7.0/app/views/devise/shared/_links.html.erb (1.2ms)
  Rendered /Users/jroque/.rvm/gems/ruby-2.5.3/gems/devise-4.7.0/app/views/devise/registrations/new.html.erb within layouts/application (99.6ms)
Completed 200 OK in 533ms (Views: 140.4ms | ActiveRecord: 227.1ms)


Started GET "/users" for ::1 at 2019-08-26 01:17:22 -0600
  
ArgumentError (Unknown key: :nil. Valid keys are: :class_name, :anonymous_class, :foreign_key, :validate, :autosave, :foreign_type, :dependent, :primary_key, :inverse_of, :required, :polymorphic, :touch, :counter_cache, :optional, :default):
  
app/models/user.rb:7:in `<class:User>'
app/models/user.rb:1:in `<top (required)>'
config/routes.rb:2:in `block in <top (required)>'
config/routes.rb:1:in `<top (required)>'
Started GET "/users/sign_up" for ::1 at 2019-08-26 01:17:30 -0600
  
ActionController::RoutingError (No route matches [GET] "/users/sign_up"):
  
actionpack (5.2.3) lib/action_dispatch/middleware/debug_exceptions.rb:65:in `call'
web-console (3.7.0) lib/web_console/middleware.rb:135:in `call_app'
web-console (3.7.0) lib/web_console/middleware.rb:30:in `block in call'
web-console (3.7.0) lib/web_console/middleware.rb:20:in `catch'
web-console (3.7.0) lib/web_console/middleware.rb:20:in `call'
actionpack (5.2.3) lib/action_dispatch/middleware/show_exceptions.rb:33:in `call'
railties (5.2.3) lib/rails/rack/logger.rb:38:in `call_app'
railties (5.2.3) lib/rails/rack/logger.rb:26:in `block in call'
activesupport (5.2.3) lib/active_support/tagged_logging.rb:71:in `block in tagged'
activesupport (5.2.3) lib/active_support/tagged_logging.rb:28:in `tagged'
activesupport (5.2.3) lib/active_support/tagged_logging.rb:71:in `tagged'
railties (5.2.3) lib/rails/rack/logger.rb:26:in `call'
sprockets-rails (3.2.1) lib/sprockets/rails/quiet_assets.rb:13:in `call'
actionpack (5.2.3) lib/action_dispatch/middleware/remote_ip.rb:81:in `call'
actionpack (5.2.3) lib/action_dispatch/middleware/request_id.rb:27:in `call'
rack (2.0.7) lib/rack/method_override.rb:22:in `call'
rack (2.0.7) lib/rack/runtime.rb:22:in `call'
activesupport (5.2.3) lib/active_support/cache/strategy/local_cache_middleware.rb:29:in `call'
actionpack (5.2.3) lib/action_dispatch/middleware/executor.rb:14:in `call'
actionpack (5.2.3) lib/action_dispatch/middleware/static.rb:127:in `call'
rack (2.0.7) lib/rack/sendfile.rb:111:in `call'
railties (5.2.3) lib/rails/engine.rb:524:in `call'
puma (3.12.1) lib/puma/configuration.rb:227:in `call'
puma (3.12.1) lib/puma/server.rb:660:in `handle_request'
puma (3.12.1) lib/puma/server.rb:474:in `process_client'
puma (3.12.1) lib/puma/server.rb:334:in `block in run'
puma (3.12.1) lib/puma/thread_pool.rb:135:in `block in spawn_thread'
Started GET "/users" for ::1 at 2019-08-26 01:17:49 -0600
  
ActionController::RoutingError (No route matches [GET] "/users"):
  
actionpack (5.2.3) lib/action_dispatch/middleware/debug_exceptions.rb:65:in `call'
web-console (3.7.0) lib/web_console/middleware.rb:135:in `call_app'
web-console (3.7.0) lib/web_console/middleware.rb:30:in `block in call'
web-console (3.7.0) lib/web_console/middleware.rb:20:in `catch'
web-console (3.7.0) lib/web_console/middleware.rb:20:in `call'
actionpack (5.2.3) lib/action_dispatch/middleware/show_exceptions.rb:33:in `call'
railties (5.2.3) lib/rails/rack/logger.rb:38:in `call_app'
railties (5.2.3) lib/rails/rack/logger.rb:26:in `block in call'
activesupport (5.2.3) lib/active_support/tagged_logging.rb:71:in `block in tagged'
activesupport (5.2.3) lib/active_support/tagged_logging.rb:28:in `tagged'
activesupport (5.2.3) lib/active_support/tagged_logging.rb:71:in `tagged'
railties (5.2.3) lib/rails/rack/logger.rb:26:in `call'
sprockets-rails (3.2.1) lib/sprockets/rails/quiet_assets.rb:13:in `call'
actionpack (5.2.3) lib/action_dispatch/middleware/remote_ip.rb:81:in `call'
actionpack (5.2.3) lib/action_dispatch/middleware/request_id.rb:27:in `call'
rack (2.0.7) lib/rack/method_override.rb:22:in `call'
rack (2.0.7) lib/rack/runtime.rb:22:in `call'
activesupport (5.2.3) lib/active_support/cache/strategy/local_cache_middleware.rb:29:in `call'
actionpack (5.2.3) lib/action_dispatch/middleware/executor.rb:14:in `call'
actionpack (5.2.3) lib/action_dispatch/middleware/static.rb:127:in `call'
rack (2.0.7) lib/rack/sendfile.rb:111:in `call'
railties (5.2.3) lib/rails/engine.rb:524:in `call'
puma (3.12.1) lib/puma/configuration.rb:227:in `call'
puma (3.12.1) lib/puma/server.rb:660:in `handle_request'
puma (3.12.1) lib/puma/server.rb:474:in `process_client'
puma (3.12.1) lib/puma/server.rb:334:in `block in run'
puma (3.12.1) lib/puma/thread_pool.rb:135:in `block in spawn_thread'
Started GET "/users/sign_up" for ::1 at 2019-08-26 01:17:53 -0600
Processing by Devise::RegistrationsController#new as HTML
  Rendering /Users/jroque/.rvm/gems/ruby-2.5.3/gems/devise-4.7.0/app/views/devise/registrations/new.html.erb within layouts/application
  Rendered /Users/jroque/.rvm/gems/ruby-2.5.3/gems/devise-4.7.0/app/views/devise/shared/_error_messages.html.erb (0.6ms)
  Rendered /Users/jroque/.rvm/gems/ruby-2.5.3/gems/devise-4.7.0/app/views/devise/shared/_links.html.erb (0.9ms)
  Rendered /Users/jroque/.rvm/gems/ruby-2.5.3/gems/devise-4.7.0/app/views/devise/registrations/new.html.erb within layouts/application (13.4ms)
Completed 200 OK in 371ms (Views: 53.4ms | ActiveRecord: 307.3ms)


Started GET "/users/sign_up" for ::1 at 2019-08-26 01:17:56 -0600
Processing by Devise::RegistrationsController#new as HTML
  Rendering /Users/jroque/.rvm/gems/ruby-2.5.3/gems/devise-4.7.0/app/views/devise/registrations/new.html.erb within layouts/application
  Rendered /Users/jroque/.rvm/gems/ruby-2.5.3/gems/devise-4.7.0/app/views/devise/shared/_error_messages.html.erb (0.5ms)
  Rendered /Users/jroque/.rvm/gems/ruby-2.5.3/gems/devise-4.7.0/app/views/devise/shared/_links.html.erb (0.7ms)
  Rendered /Users/jroque/.rvm/gems/ruby-2.5.3/gems/devise-4.7.0/app/views/devise/registrations/new.html.erb within layouts/application (9.4ms)
Completed 200 OK in 48ms (Views: 44.2ms | ActiveRecord: 0.0ms)


Started GET "/users/sign_up" for ::1 at 2019-08-26 01:18:09 -0600
Processing by Devise::RegistrationsController#new as HTML
  Rendering /Users/jroque/.rvm/gems/ruby-2.5.3/gems/devise-4.7.0/app/views/devise/registrations/new.html.erb within layouts/application
  Rendered /Users/jroque/.rvm/gems/ruby-2.5.3/gems/devise-4.7.0/app/views/devise/shared/_error_messages.html.erb (0.4ms)
  Rendered /Users/jroque/.rvm/gems/ruby-2.5.3/gems/devise-4.7.0/app/views/devise/shared/_links.html.erb (1.7ms)
  Rendered /Users/jroque/.rvm/gems/ruby-2.5.3/gems/devise-4.7.0/app/views/devise/registrations/new.html.erb within layouts/application (12.8ms)
Completed 200 OK in 43ms (Views: 41.4ms | ActiveRecord: 0.0ms)


Started GET "/users/sign_up" for ::1 at 2019-08-26 01:18:13 -0600
Processing by Devise::RegistrationsController#new as HTML
  Rendering /Users/jroque/.rvm/gems/ruby-2.5.3/gems/devise-4.7.0/app/views/devise/registrations/new.html.erb within layouts/application
  Rendered /Users/jroque/.rvm/gems/ruby-2.5.3/gems/devise-4.7.0/app/views/devise/shared/_error_messages.html.erb (0.6ms)
  Rendered /Users/jroque/.rvm/gems/ruby-2.5.3/gems/devise-4.7.0/app/views/devise/shared/_links.html.erb (0.7ms)
  Rendered /Users/jroque/.rvm/gems/ruby-2.5.3/gems/devise-4.7.0/app/views/devise/registrations/new.html.erb within layouts/application (10.4ms)
Completed 200 OK in 48ms (Views: 46.8ms | ActiveRecord: 0.0ms)


Started GET "/users/sign_up" for ::1 at 2019-08-26 01:18:23 -0600
  [1m[35m (77.7ms)[0m  [1m[34mSELECT "schema_migrations"."version" FROM "schema_migrations" ORDER BY "schema_migrations"."version" ASC[0m
  ↳ /Users/jroque/.rvm/gems/ruby-2.5.3/gems/activerecord-5.2.3/lib/active_record/log_subscriber.rb:98
Processing by Devise::RegistrationsController#new as HTML
  Rendering /Users/jroque/.rvm/gems/ruby-2.5.3/gems/devise-4.7.0/app/views/devise/registrations/new.html.erb within layouts/application
  Rendered /Users/jroque/.rvm/gems/ruby-2.5.3/gems/devise-4.7.0/app/views/devise/shared/_error_messages.html.erb (0.5ms)
  Rendered /Users/jroque/.rvm/gems/ruby-2.5.3/gems/devise-4.7.0/app/views/devise/shared/_links.html.erb (2.0ms)
  Rendered /Users/jroque/.rvm/gems/ruby-2.5.3/gems/devise-4.7.0/app/views/devise/registrations/new.html.erb within layouts/application (204.9ms)
Completed 200 OK in 690ms (Views: 440.7ms | ActiveRecord: 234.2ms)


Started GET "/users/sign_up" for ::1 at 2019-08-26 01:18:53 -0600
Processing by Devise::RegistrationsController#new as HTML
  Rendering /Users/jroque/.rvm/gems/ruby-2.5.3/gems/devise-4.7.0/app/views/devise/registrations/new.html.erb within layouts/application
  Rendered /Users/jroque/.rvm/gems/ruby-2.5.3/gems/devise-4.7.0/app/views/devise/shared/_error_messages.html.erb (1.6ms)
  Rendered /Users/jroque/.rvm/gems/ruby-2.5.3/gems/devise-4.7.0/app/views/devise/shared/_links.html.erb (1.2ms)
  Rendered /Users/jroque/.rvm/gems/ruby-2.5.3/gems/devise-4.7.0/app/views/devise/registrations/new.html.erb within layouts/application (18.0ms)
Completed 200 OK in 60ms (Views: 58.6ms | ActiveRecord: 0.0ms)


Started GET "/users/sign_up" for ::1 at 2019-08-26 01:19:17 -0600
Processing by Devise::RegistrationsController#new as HTML
  Rendering /Users/jroque/.rvm/gems/ruby-2.5.3/gems/devise-4.7.0/app/views/devise/registrations/new.html.erb within layouts/application
  Rendered /Users/jroque/.rvm/gems/ruby-2.5.3/gems/devise-4.7.0/app/views/devise/shared/_error_messages.html.erb (0.6ms)
  Rendered /Users/jroque/.rvm/gems/ruby-2.5.3/gems/devise-4.7.0/app/views/devise/shared/_links.html.erb (1.3ms)
  Rendered /Users/jroque/.rvm/gems/ruby-2.5.3/gems/devise-4.7.0/app/views/devise/registrations/new.html.erb within layouts/application (16.4ms)
Completed 200 OK in 70ms (Views: 66.8ms | ActiveRecord: 0.0ms)


Started GET "/users/sign_up" for ::1 at 2019-08-26 01:19:22 -0600
Processing by Devise::RegistrationsController#new as HTML
  Rendering /Users/jroque/.rvm/gems/ruby-2.5.3/gems/devise-4.7.0/app/views/devise/registrations/new.html.erb within layouts/application
  Rendered /Users/jroque/.rvm/gems/ruby-2.5.3/gems/devise-4.7.0/app/views/devise/shared/_error_messages.html.erb (0.5ms)
  Rendered /Users/jroque/.rvm/gems/ruby-2.5.3/gems/devise-4.7.0/app/views/devise/shared/_links.html.erb (0.8ms)
  Rendered /Users/jroque/.rvm/gems/ruby-2.5.3/gems/devise-4.7.0/app/views/devise/registrations/new.html.erb within layouts/application (11.1ms)
Completed 200 OK in 60ms (Views: 59.0ms | ActiveRecord: 0.0ms)


Started GET "/users/sign_up" for ::1 at 2019-08-26 01:19:45 -0600
Processing by Devise::RegistrationsController#new as HTML
  Rendering /Users/jroque/.rvm/gems/ruby-2.5.3/gems/devise-4.7.0/app/views/devise/registrations/new.html.erb within layouts/application
  Rendered /Users/jroque/.rvm/gems/ruby-2.5.3/gems/devise-4.7.0/app/views/devise/shared/_error_messages.html.erb (0.4ms)
  Rendered /Users/jroque/.rvm/gems/ruby-2.5.3/gems/devise-4.7.0/app/views/devise/shared/_links.html.erb (1.2ms)
  Rendered /Users/jroque/.rvm/gems/ruby-2.5.3/gems/devise-4.7.0/app/views/devise/registrations/new.html.erb within layouts/application (14.2ms)
Completed 200 OK in 67ms (Views: 66.6ms | ActiveRecord: 0.0ms)


Started GET "/users/sign_up" for ::1 at 2019-08-26 01:19:53 -0600
Processing by Devise::RegistrationsController#new as HTML
  Rendering /Users/jroque/.rvm/gems/ruby-2.5.3/gems/devise-4.7.0/app/views/devise/registrations/new.html.erb within layouts/application
  Rendered /Users/jroque/.rvm/gems/ruby-2.5.3/gems/devise-4.7.0/app/views/devise/shared/_error_messages.html.erb (0.5ms)
  Rendered /Users/jroque/.rvm/gems/ruby-2.5.3/gems/devise-4.7.0/app/views/devise/shared/_links.html.erb (1.0ms)
  Rendered /Users/jroque/.rvm/gems/ruby-2.5.3/gems/devise-4.7.0/app/views/devise/registrations/new.html.erb within layouts/application (10.6ms)
Completed 200 OK in 83ms (Views: 82.3ms | ActiveRecord: 0.0ms)


Started GET "/" for ::1 at 2019-08-26 01:20:28 -0600
Processing by WelcomeController#index as HTML
  Rendering welcome/index.html.erb within layouts/application
  Rendered welcome/index.html.erb within layouts/application (1.8ms)
Completed 200 OK in 693ms (Views: 685.0ms | ActiveRecord: 0.0ms)


Started GET "/users/sign_up" for ::1 at 2019-08-26 01:20:36 -0600
Processing by Devise::RegistrationsController#new as HTML
  Rendering /Users/jroque/.rvm/gems/ruby-2.5.3/gems/devise-4.7.0/app/views/devise/registrations/new.html.erb within layouts/application
  Rendered /Users/jroque/.rvm/gems/ruby-2.5.3/gems/devise-4.7.0/app/views/devise/shared/_error_messages.html.erb (1.2ms)
  Rendered /Users/jroque/.rvm/gems/ruby-2.5.3/gems/devise-4.7.0/app/views/devise/shared/_links.html.erb (1.8ms)
  Rendered /Users/jroque/.rvm/gems/ruby-2.5.3/gems/devise-4.7.0/app/views/devise/registrations/new.html.erb within layouts/application (28.9ms)
Completed 200 OK in 97ms (Views: 89.1ms | ActiveRecord: 0.0ms)


Started GET "/users/sign_up" for ::1 at 2019-08-26 01:22:08 -0600
Processing by Devise::RegistrationsController#new as HTML
  Rendering /Users/jroque/.rvm/gems/ruby-2.5.3/gems/devise-4.7.0/app/views/devise/registrations/new.html.erb within layouts/application
  Rendered /Users/jroque/.rvm/gems/ruby-2.5.3/gems/devise-4.7.0/app/views/devise/shared/_error_messages.html.erb (0.6ms)
  Rendered /Users/jroque/.rvm/gems/ruby-2.5.3/gems/devise-4.7.0/app/views/devise/shared/_links.html.erb (2.9ms)
  Rendered /Users/jroque/.rvm/gems/ruby-2.5.3/gems/devise-4.7.0/app/views/devise/registrations/new.html.erb within layouts/application (24.2ms)
Completed 200 OK in 99ms (Views: 95.9ms | ActiveRecord: 0.0ms)


Started GET "/users/sign_up" for ::1 at 2019-08-26 01:22:33 -0600
Processing by Devise::RegistrationsController#new as HTML
  Rendering /Users/jroque/.rvm/gems/ruby-2.5.3/gems/devise-4.7.0/app/views/devise/registrations/new.html.erb within layouts/application
  Rendered /Users/jroque/.rvm/gems/ruby-2.5.3/gems/devise-4.7.0/app/views/devise/shared/_error_messages.html.erb (0.7ms)
  Rendered /Users/jroque/.rvm/gems/ruby-2.5.3/gems/devise-4.7.0/app/views/devise/shared/_links.html.erb (2.8ms)
  Rendered /Users/jroque/.rvm/gems/ruby-2.5.3/gems/devise-4.7.0/app/views/devise/registrations/new.html.erb within layouts/application (22.7ms)
Completed 200 OK in 77ms (Views: 71.5ms | ActiveRecord: 0.0ms)


Started GET "/" for ::1 at 2019-08-26 01:26:34 -0600
  
NoMethodError (undefined method `key?' for "":String):
  
config/routes.rb:4:in `block in <top (required)>'
config/routes.rb:1:in `<top (required)>'
Started GET "/" for ::1 at 2019-08-26 01:26:50 -0600
Processing by WelcomeController#index as HTML
  Rendering welcome/index.html.erb within layouts/application
  Rendered welcome/index.html.erb within layouts/application (0.4ms)
Completed 200 OK in 37ms (Views: 32.2ms | ActiveRecord: 0.0ms)


Started GET "/user/sign_out" for ::1 at 2019-08-26 01:26:52 -0600
  
ActionController::RoutingError (No route matches [GET] "/user/sign_out"):
  
actionpack (5.2.3) lib/action_dispatch/middleware/debug_exceptions.rb:65:in `call'
web-console (3.7.0) lib/web_console/middleware.rb:135:in `call_app'
web-console (3.7.0) lib/web_console/middleware.rb:30:in `block in call'
web-console (3.7.0) lib/web_console/middleware.rb:20:in `catch'
web-console (3.7.0) lib/web_console/middleware.rb:20:in `call'
actionpack (5.2.3) lib/action_dispatch/middleware/show_exceptions.rb:33:in `call'
railties (5.2.3) lib/rails/rack/logger.rb:38:in `call_app'
railties (5.2.3) lib/rails/rack/logger.rb:26:in `block in call'
activesupport (5.2.3) lib/active_support/tagged_logging.rb:71:in `block in tagged'
activesupport (5.2.3) lib/active_support/tagged_logging.rb:28:in `tagged'
activesupport (5.2.3) lib/active_support/tagged_logging.rb:71:in `tagged'
railties (5.2.3) lib/rails/rack/logger.rb:26:in `call'
sprockets-rails (3.2.1) lib/sprockets/rails/quiet_assets.rb:13:in `call'
actionpack (5.2.3) lib/action_dispatch/middleware/remote_ip.rb:81:in `call'
actionpack (5.2.3) lib/action_dispatch/middleware/request_id.rb:27:in `call'
rack (2.0.7) lib/rack/method_override.rb:22:in `call'
rack (2.0.7) lib/rack/runtime.rb:22:in `call'
activesupport (5.2.3) lib/active_support/cache/strategy/local_cache_middleware.rb:29:in `call'
actionpack (5.2.3) lib/action_dispatch/middleware/executor.rb:14:in `call'
actionpack (5.2.3) lib/action_dispatch/middleware/static.rb:127:in `call'
rack (2.0.7) lib/rack/sendfile.rb:111:in `call'
railties (5.2.3) lib/rails/engine.rb:524:in `call'
puma (3.12.1) lib/puma/configuration.rb:227:in `call'
puma (3.12.1) lib/puma/server.rb:660:in `handle_request'
puma (3.12.1) lib/puma/server.rb:474:in `process_client'
puma (3.12.1) lib/puma/server.rb:334:in `block in run'
puma (3.12.1) lib/puma/thread_pool.rb:135:in `block in spawn_thread'
Started GET "/user/sign_out" for ::1 at 2019-08-26 01:27:06 -0600
  
ActionController::RoutingError (No route matches [GET] "/user/sign_out"):
  
actionpack (5.2.3) lib/action_dispatch/middleware/debug_exceptions.rb:65:in `call'
web-console (3.7.0) lib/web_console/middleware.rb:135:in `call_app'
web-console (3.7.0) lib/web_console/middleware.rb:30:in `block in call'
web-console (3.7.0) lib/web_console/middleware.rb:20:in `catch'
web-console (3.7.0) lib/web_console/middleware.rb:20:in `call'
actionpack (5.2.3) lib/action_dispatch/middleware/show_exceptions.rb:33:in `call'
railties (5.2.3) lib/rails/rack/logger.rb:38:in `call_app'
railties (5.2.3) lib/rails/rack/logger.rb:26:in `block in call'
activesupport (5.2.3) lib/active_support/tagged_logging.rb:71:in `block in tagged'
activesupport (5.2.3) lib/active_support/tagged_logging.rb:28:in `tagged'
activesupport (5.2.3) lib/active_support/tagged_logging.rb:71:in `tagged'
railties (5.2.3) lib/rails/rack/logger.rb:26:in `call'
sprockets-rails (3.2.1) lib/sprockets/rails/quiet_assets.rb:13:in `call'
actionpack (5.2.3) lib/action_dispatch/middleware/remote_ip.rb:81:in `call'
actionpack (5.2.3) lib/action_dispatch/middleware/request_id.rb:27:in `call'
rack (2.0.7) lib/rack/method_override.rb:22:in `call'
rack (2.0.7) lib/rack/runtime.rb:22:in `call'
activesupport (5.2.3) lib/active_support/cache/strategy/local_cache_middleware.rb:29:in `call'
actionpack (5.2.3) lib/action_dispatch/middleware/executor.rb:14:in `call'
actionpack (5.2.3) lib/action_dispatch/middleware/static.rb:127:in `call'
rack (2.0.7) lib/rack/sendfile.rb:111:in `call'
railties (5.2.3) lib/rails/engine.rb:524:in `call'
puma (3.12.1) lib/puma/configuration.rb:227:in `call'
puma (3.12.1) lib/puma/server.rb:660:in `handle_request'
puma (3.12.1) lib/puma/server.rb:474:in `process_client'
puma (3.12.1) lib/puma/server.rb:334:in `block in run'
puma (3.12.1) lib/puma/thread_pool.rb:135:in `block in spawn_thread'
Started GET "/" for ::1 at 2019-08-26 01:27:21 -0600
Processing by WelcomeController#index as HTML
  Rendering welcome/index.html.erb within layouts/application
  Rendered welcome/index.html.erb within layouts/application (0.3ms)
Completed 200 OK in 32ms (Views: 28.1ms | ActiveRecord: 0.0ms)


Started GET "/users/sign_out" for ::1 at 2019-08-26 01:27:29 -0600
  
ActionController::RoutingError (No route matches [GET] "/users/sign_out"):
  
actionpack (5.2.3) lib/action_dispatch/middleware/debug_exceptions.rb:65:in `call'
web-console (3.7.0) lib/web_console/middleware.rb:135:in `call_app'
web-console (3.7.0) lib/web_console/middleware.rb:30:in `block in call'
web-console (3.7.0) lib/web_console/middleware.rb:20:in `catch'
web-console (3.7.0) lib/web_console/middleware.rb:20:in `call'
actionpack (5.2.3) lib/action_dispatch/middleware/show_exceptions.rb:33:in `call'
railties (5.2.3) lib/rails/rack/logger.rb:38:in `call_app'
railties (5.2.3) lib/rails/rack/logger.rb:26:in `block in call'
activesupport (5.2.3) lib/active_support/tagged_logging.rb:71:in `block in tagged'
activesupport (5.2.3) lib/active_support/tagged_logging.rb:28:in `tagged'
activesupport (5.2.3) lib/active_support/tagged_logging.rb:71:in `tagged'
railties (5.2.3) lib/rails/rack/logger.rb:26:in `call'
sprockets-rails (3.2.1) lib/sprockets/rails/quiet_assets.rb:13:in `call'
actionpack (5.2.3) lib/action_dispatch/middleware/remote_ip.rb:81:in `call'
actionpack (5.2.3) lib/action_dispatch/middleware/request_id.rb:27:in `call'
rack (2.0.7) lib/rack/method_override.rb:22:in `call'
rack (2.0.7) lib/rack/runtime.rb:22:in `call'
activesupport (5.2.3) lib/active_support/cache/strategy/local_cache_middleware.rb:29:in `call'
actionpack (5.2.3) lib/action_dispatch/middleware/executor.rb:14:in `call'
actionpack (5.2.3) lib/action_dispatch/middleware/static.rb:127:in `call'
rack (2.0.7) lib/rack/sendfile.rb:111:in `call'
railties (5.2.3) lib/rails/engine.rb:524:in `call'
puma (3.12.1) lib/puma/configuration.rb:227:in `call'
puma (3.12.1) lib/puma/server.rb:660:in `handle_request'
puma (3.12.1) lib/puma/server.rb:474:in `process_client'
puma (3.12.1) lib/puma/server.rb:334:in `block in run'
puma (3.12.1) lib/puma/thread_pool.rb:135:in `block in spawn_thread'
Started GET "/users/sign_out" for ::1 at 2019-08-26 01:30:12 -0600
  
ActionController::RoutingError (No route matches [GET] "/users/sign_out"):
  
actionpack (5.2.3) lib/action_dispatch/middleware/debug_exceptions.rb:65:in `call'
web-console (3.7.0) lib/web_console/middleware.rb:135:in `call_app'
web-console (3.7.0) lib/web_console/middleware.rb:30:in `block in call'
web-console (3.7.0) lib/web_console/middleware.rb:20:in `catch'
web-console (3.7.0) lib/web_console/middleware.rb:20:in `call'
actionpack (5.2.3) lib/action_dispatch/middleware/show_exceptions.rb:33:in `call'
railties (5.2.3) lib/rails/rack/logger.rb:38:in `call_app'
railties (5.2.3) lib/rails/rack/logger.rb:26:in `block in call'
activesupport (5.2.3) lib/active_support/tagged_logging.rb:71:in `block in tagged'
activesupport (5.2.3) lib/active_support/tagged_logging.rb:28:in `tagged'
activesupport (5.2.3) lib/active_support/tagged_logging.rb:71:in `tagged'
railties (5.2.3) lib/rails/rack/logger.rb:26:in `call'
sprockets-rails (3.2.1) lib/sprockets/rails/quiet_assets.rb:13:in `call'
actionpack (5.2.3) lib/action_dispatch/middleware/remote_ip.rb:81:in `call'
actionpack (5.2.3) lib/action_dispatch/middleware/request_id.rb:27:in `call'
rack (2.0.7) lib/rack/method_override.rb:22:in `call'
rack (2.0.7) lib/rack/runtime.rb:22:in `call'
activesupport (5.2.3) lib/active_support/cache/strategy/local_cache_middleware.rb:29:in `call'
actionpack (5.2.3) lib/action_dispatch/middleware/executor.rb:14:in `call'
actionpack (5.2.3) lib/action_dispatch/middleware/static.rb:127:in `call'
rack (2.0.7) lib/rack/sendfile.rb:111:in `call'
railties (5.2.3) lib/rails/engine.rb:524:in `call'
puma (3.12.1) lib/puma/configuration.rb:227:in `call'
puma (3.12.1) lib/puma/server.rb:660:in `handle_request'
puma (3.12.1) lib/puma/server.rb:474:in `process_client'
puma (3.12.1) lib/puma/server.rb:334:in `block in run'
puma (3.12.1) lib/puma/thread_pool.rb:135:in `block in spawn_thread'
Started GET "/" for ::1 at 2019-08-26 01:30:15 -0600
Processing by WelcomeController#index as HTML
  Rendering welcome/index.html.erb within layouts/application
  Rendered welcome/index.html.erb within layouts/application (1.1ms)
Completed 500 Internal Server Error in 20ms (ActiveRecord: 0.0ms)


  
SyntaxError (/Users/jroque/Sites/ruby_trainings/Trainings/app/views/welcome/index.html.erb:10: syntax error, unexpected end-of-input, expecting keyword_end
          end
             ^):
  
app/views/welcome/index.html.erb:10: syntax error, unexpected end-of-input, expecting keyword_end
  [1m[35m (77.1ms)[0m  [1m[35mBEGIN[0m
  [1m[36mUser Exists (76.0ms)[0m  [1m[34mSELECT  1 AS one FROM "users" WHERE "users"."email" = $1 LIMIT $2[0m  [["email", "josuedr11@gmail.com"], ["LIMIT", 1]]
  [1m[36mCompany Load (224.9ms)[0m  [1m[34mSELECT  "companies".* FROM "companies" WHERE "companies"."id" = $1 LIMIT $2[0m  [["id", 1], ["LIMIT", 1]]
  [1m[36mUser Create (81.3ms)[0m  [1m[32mINSERT INTO "users" ("email", "encrypted_password", "created_at", "updated_at", "company_id") VALUES ($1, $2, $3, $4, $5) RETURNING "id"[0m  [["email", "josuedr11@gmail.com"], ["encrypted_password", "$2a$11$uF1lGEroIpjd9NYXzD0Dzu6.s7PyT3R/GHeXxtxxum2OtPK6DOjY6"], ["created_at", "2019-08-26 07:31:14.831591"], ["updated_at", "2019-08-26 07:31:14.831591"], ["company_id", 1]]
  [1m[35m (74.8ms)[0m  [1m[35mCOMMIT[0m
  [1m[36mUser Load (75.8ms)[0m  [1m[34mSELECT  "users".* FROM "users" LIMIT $1[0m  [["LIMIT", 11]]
  [1m[35m (75.8ms)[0m  [1m[34mSELECT COUNT(*) FROM "users"[0m
  [1m[36mUser Load (75.9ms)[0m  [1m[34mSELECT  "users".* FROM "users" ORDER BY "users"."id" ASC LIMIT $1 OFFSET $2[0m  [["LIMIT", 1], ["OFFSET", 1]]
  [1m[36mUser Load (76.0ms)[0m  [1m[34mSELECT  "users".* FROM "users" ORDER BY "users"."id" ASC LIMIT $1 OFFSET $2[0m  [["LIMIT", 1], ["OFFSET", 1]]
  [1m[36mCompany Load (75.5ms)[0m  [1m[34mSELECT  "companies".* FROM "companies" WHERE "companies"."id" = $1 LIMIT $2[0m  [["id", 1], ["LIMIT", 1]]
  [1m[36mCompany Load (76.5ms)[0m  [1m[34mSELECT  "companies".* FROM "companies" ORDER BY "companies"."id" ASC LIMIT $1[0m  [["LIMIT", 1]]
  [1m[36mCompany Load (75.5ms)[0m  [1m[34mSELECT  "companies".* FROM "companies" ORDER BY "companies"."id" ASC LIMIT $1[0m  [["LIMIT", 1]]
  [1m[36mUser Load (77.7ms)[0m  [1m[34mSELECT  "users".* FROM "users" WHERE "users"."company_id" = $1 LIMIT $2[0m  [["company_id", 1], ["LIMIT", 11]]
  [1m[36mCompany Load (75.5ms)[0m  [1m[34mSELECT  "companies".* FROM "companies" ORDER BY "companies"."id" ASC LIMIT $1[0m  [["LIMIT", 1]]
  [1m[35m (85.4ms)[0m  [1m[34mSELECT COUNT(*) FROM "users" WHERE "users"."company_id" = $1[0m  [["company_id", 1]]
  [1m[36mUser Load (69.5ms)[0m  [1m[34mSELECT  "users".* FROM "users" LIMIT $1[0m  [["LIMIT", 11]]
Started GET "/" for ::1 at 2019-08-26 21:06:57 -0600
  [1m[35m (76.6ms)[0m  [1m[34mSELECT "schema_migrations"."version" FROM "schema_migrations" ORDER BY "schema_migrations"."version" ASC[0m
  ↳ /Users/jroque/.rvm/gems/ruby-2.5.3/gems/activerecord-5.2.3/lib/active_record/log_subscriber.rb:98
  
ActiveRecord::PendingMigrationError (

Migrations are pending. To resolve this issue, run:

        bin/rails db:migrate RAILS_ENV=development

):
  
activerecord (5.2.3) lib/active_record/migration.rb:579:in `check_pending!'
activerecord (5.2.3) lib/active_record/migration.rb:556:in `call'
actionpack (5.2.3) lib/action_dispatch/middleware/callbacks.rb:28:in `block in call'
activesupport (5.2.3) lib/active_support/callbacks.rb:98:in `run_callbacks'
actionpack (5.2.3) lib/action_dispatch/middleware/callbacks.rb:26:in `call'
actionpack (5.2.3) lib/action_dispatch/middleware/executor.rb:14:in `call'
actionpack (5.2.3) lib/action_dispatch/middleware/debug_exceptions.rb:61:in `call'
web-console (3.7.0) lib/web_console/middleware.rb:135:in `call_app'
web-console (3.7.0) lib/web_console/middleware.rb:30:in `block in call'
web-console (3.7.0) lib/web_console/middleware.rb:20:in `catch'
web-console (3.7.0) lib/web_console/middleware.rb:20:in `call'
actionpack (5.2.3) lib/action_dispatch/middleware/show_exceptions.rb:33:in `call'
railties (5.2.3) lib/rails/rack/logger.rb:38:in `call_app'
railties (5.2.3) lib/rails/rack/logger.rb:26:in `block in call'
activesupport (5.2.3) lib/active_support/tagged_logging.rb:71:in `block in tagged'
activesupport (5.2.3) lib/active_support/tagged_logging.rb:28:in `tagged'
activesupport (5.2.3) lib/active_support/tagged_logging.rb:71:in `tagged'
railties (5.2.3) lib/rails/rack/logger.rb:26:in `call'
sprockets-rails (3.2.1) lib/sprockets/rails/quiet_assets.rb:13:in `call'
actionpack (5.2.3) lib/action_dispatch/middleware/remote_ip.rb:81:in `call'
actionpack (5.2.3) lib/action_dispatch/middleware/request_id.rb:27:in `call'
rack (2.0.7) lib/rack/method_override.rb:22:in `call'
rack (2.0.7) lib/rack/runtime.rb:22:in `call'
activesupport (5.2.3) lib/active_support/cache/strategy/local_cache_middleware.rb:29:in `call'
actionpack (5.2.3) lib/action_dispatch/middleware/executor.rb:14:in `call'
actionpack (5.2.3) lib/action_dispatch/middleware/static.rb:127:in `call'
rack (2.0.7) lib/rack/sendfile.rb:111:in `call'
railties (5.2.3) lib/rails/engine.rb:524:in `call'
puma (3.12.1) lib/puma/configuration.rb:227:in `call'
puma (3.12.1) lib/puma/server.rb:660:in `handle_request'
puma (3.12.1) lib/puma/server.rb:474:in `process_client'
puma (3.12.1) lib/puma/server.rb:334:in `block in run'
puma (3.12.1) lib/puma/thread_pool.rb:135:in `block in spawn_thread'
